<?xml version="1.0" encoding="UTF-8"?>
<!-- Generated by org.testng.reporters.JUnitXMLReporter -->
<testsuite hostname="QTLSYS0-224" ignored="34" name="Test" tests="1" failures="1" timestamp="23 Jan 2020 11:25:01 GMT" time="5.137" errors="0">
  <testcase name="@AfterMethod getResult" time="0.005" classname="tests.QCStore">
    <failure type="java.lang.NullPointerException">
      <![CDATA[java.lang.NullPointerException
at tests.QCStore.getScreenhot(QCStore.java:2068)
at tests.QCStore.getResult(QCStore.java:2085)
... Removed 28 stack frames]]>
    </failure>
  </testcase> <!-- @AfterMethod getResult -->
  <testcase name="TLP_rescindloan" time="0.024" classname="tests.QCStore">
    <failure type="java.io.FileNotFoundException" message="C:\QC_Regression\QC_TLP\TestData\QCStore\TLP_BiWeekly\QC_TLP_RescindLoan.xls (The system cannot find the path specified)">
      <![CDATA[java.io.FileNotFoundException: C:\QC_Regression\QC_TLP\TestData\QCStore\TLP_BiWeekly\QC_TLP_RescindLoan.xls (The system cannot find the path specified)
at java.io.FileInputStream.open0(Native Method)
at java.io.FileInputStream.open(Unknown Source)
at java.io.FileInputStream.<init>(Unknown Source)
at java.io.FileInputStream.<init>(Unknown Source)
at tests.ExcelNew.<init>(ExcelNew.java:35)
at tests.QCStore.TLP_rescindloan(QCStore.java:1663)
... Removed 25 stack frames]]>
    </failure>
  </testcase> <!-- TLP_rescindloan -->
  <testcase name="JQC_TLP_GraceDays_Deposit_Menu_Txn" time="0.0" classname="tests.QCStore">
    <ignored/>
  </testcase> <!-- JQC_TLP_GraceDays_Deposit_Menu_Txn -->
  <testcase name="TLP_agerescind" time="0.0" classname="tests.QCStore">
    <ignored/>
  </testcase> <!-- TLP_agerescind -->
  <testcase name="QC_PayAnyotherAmount_Void_Txn" time="0.0" classname="tests.QCStore">
    <ignored/>
  </testcase> <!-- QC_PayAnyotherAmount_Void_Txn -->
  <testcase name="JQC_TLP_Deceased_Txn" time="0.0" classname="tests.QCStore">
    <ignored/>
  </testcase> <!-- JQC_TLP_Deceased_Txn -->
  <testcase name="QC_TLP_Buyback_Void_Txn" time="0.0" classname="tests.QCStore">
    <ignored/>
  </testcase> <!-- QC_TLP_Buyback_Void_Txn -->
  <testcase name="QC_AgeStore_Void_Txn" time="0.0" classname="tests.QCStore">
    <ignored/>
  </testcase> <!-- QC_AgeStore_Void_Txn -->
  <testcase name="QC_TLP_Buyback_Txn" time="0.0" classname="tests.QCStore">
    <ignored/>
  </testcase> <!-- QC_TLP_Buyback_Txn -->
  <testcase name="TLP_bankruptcyWriteOff" time="0.0" classname="tests.QCStore">
    <ignored/>
  </testcase> <!-- TLP_bankruptcyWriteOff -->
  <testcase name="newLoan" time="0.0" classname="tests.QCStore">
    <ignored/>
  </testcase> <!-- newLoan -->
  <testcase name="QC_PayAnyotherAmount_Txn" time="0.0" classname="tests.QCStore">
    <ignored/>
  </testcase> <!-- QC_PayAnyotherAmount_Txn -->
  <testcase name="TLP_RefinanceStepSame" time="0.0" classname="tests.QCStore">
    <ignored/>
  </testcase> <!-- TLP_RefinanceStepSame -->
  <testcase name="QC_NewLoan_Void_Txn" time="0.0" classname="tests.QCStore">
    <ignored/>
  </testcase> <!-- QC_NewLoan_Void_Txn -->
  <testcase name="JQC_TLP_Deposit_dropdown_Txn" time="0.0" classname="tests.QCStore">
    <ignored/>
  </testcase> <!-- JQC_TLP_Deposit_dropdown_Txn -->
  <testcase name="JQC_TLP_Deposit_MidDay_Txn" time="0.0" classname="tests.QCStore">
    <ignored/>
  </testcase> <!-- JQC_TLP_Deposit_MidDay_Txn -->
  <testcase name="JQC_DefaultPayment_Txn_Testdata" time="0.0" classname="tests.QCStore">
    <ignored/>
  </testcase> <!-- JQC_DefaultPayment_Txn_Testdata -->
  <testcase name="TLP_ProcessClearFromMenu" time="0.0" classname="tests.QCStore">
    <ignored/>
  </testcase> <!-- TLP_ProcessClearFromMenu -->
  <testcase name="TLP_RefinanceStepDown" time="0.0" classname="tests.QCStore">
    <ignored/>
  </testcase> <!-- TLP_RefinanceStepDown -->
  <testcase name="JQC_TLP_Deposit_EOD_Txn" time="0.0" classname="tests.QCStore">
    <ignored/>
  </testcase> <!-- JQC_TLP_Deposit_EOD_Txn -->
  <testcase name="QC_TLP_NewLoan_Txn" time="0.0" classname="tests.QCStore">
    <ignored/>
  </testcase> <!-- QC_TLP_NewLoan_Txn -->
  <testcase name="JQC_TLP_GraceDays_Deposit_MidDay_Txn" time="0.0" classname="tests.QCStore">
    <ignored/>
  </testcase> <!-- JQC_TLP_GraceDays_Deposit_MidDay_Txn -->
  <testcase name="TLP_RefinanceStepSame_Void" time="0.0" classname="tests.QCStore">
    <ignored/>
  </testcase> <!-- TLP_RefinanceStepSame_Void -->
  <testcase name="QC_TLP_Writeoff_Recovery_Txn" time="0.0" classname="tests.QCStore">
    <ignored/>
  </testcase> <!-- QC_TLP_Writeoff_Recovery_Txn -->
  <testcase name="QC_NewLoan_Promotion_Txn" time="0.0" classname="tests.QCStore">
    <ignored/>
  </testcase> <!-- QC_NewLoan_Promotion_Txn -->
  <testcase name="QC_Installmentpayment_Txn" time="0.0" classname="tests.QCStore">
    <ignored/>
  </testcase> <!-- QC_Installmentpayment_Txn -->
  <testcase name="TLP_bankruptcyDismiss" time="0.0" classname="tests.QCStore">
    <ignored/>
  </testcase> <!-- TLP_bankruptcyDismiss -->
  <testcase name="JQC_TLP_GraceDays_Deposit_EOD_Txn" time="0.0" classname="tests.QCStore">
    <ignored/>
  </testcase> <!-- JQC_TLP_GraceDays_Deposit_EOD_Txn -->
  <testcase name="JQC_TLP_GraceDays_Deposit_dropdown_Txn" time="0.0" classname="tests.QCStore">
    <ignored/>
  </testcase> <!-- JQC_TLP_GraceDays_Deposit_dropdown_Txn -->
  <testcase name="JQC_TLP_Deposit_Menu_Txn" time="0.0" classname="tests.QCStore">
    <ignored/>
  </testcase> <!-- JQC_TLP_Deposit_Menu_Txn -->
  <testcase name="QC_Installmentpayment_Void_Txn" time="0.0" classname="tests.QCStore">
    <ignored/>
  </testcase> <!-- QC_Installmentpayment_Void_Txn -->
  <testcase name="TLP_RefinanceStepDownVoid" time="0.0" classname="tests.QCStore">
    <ignored/>
  </testcase> <!-- TLP_RefinanceStepDownVoid -->
  <testcase name="QC_TLP_Writeoff_Recovery_Void_Txn" time="0.0" classname="tests.QCStore">
    <ignored/>
  </testcase> <!-- QC_TLP_Writeoff_Recovery_Void_Txn -->
  <testcase name="TLP_ProcessClear" time="0.0" classname="tests.QCStore">
    <ignored/>
  </testcase> <!-- TLP_ProcessClear -->
  <testcase name="JQC_DefaultPayment_Void_Txn_Testdata" time="0.0" classname="tests.QCStore">
    <ignored/>
  </testcase> <!-- JQC_DefaultPayment_Void_Txn_Testdata -->
  <testcase name="TLP_ProcessAutoClear" time="0.0" classname="tests.QCStore">
    <ignored/>
  </testcase> <!-- TLP_ProcessAutoClear -->
</testsuite> <!-- Test -->
