<?xml version="1.0" encoding="UTF-8"?>
<!-- Generated by org.testng.reporters.JUnitXMLReporter -->
<testsuite hostname="QTLSYS0-224" ignored="0" name="Default test" tests="76" failures="1" timestamp="02 Jan 2020 06:14:47 GMT" time="1.435" errors="0">
  <testcase name="@AfterMethod getResult" time="0.004" classname="tests.QCStore">
    <failure type="java.lang.NullPointerException">
      <![CDATA[java.lang.NullPointerException
at tests.QCStore.getScreenhot(QCStore.java:4117)
at tests.QCStore.getResult(QCStore.java:4133)
at sun.reflect.NativeMethodAccessorImpl.invoke0(Native Method)
at sun.reflect.NativeMethodAccessorImpl.invoke(Unknown Source)
at sun.reflect.DelegatingMethodAccessorImpl.invoke(Unknown Source)
at java.lang.reflect.Method.invoke(Unknown Source)
at org.testng.internal.MethodInvocationHelper.invokeMethod(MethodInvocationHelper.java:124)
at org.testng.internal.MethodInvocationHelper.invokeMethodConsideringTimeout(MethodInvocationHelper.java:59)
at org.testng.internal.Invoker.invokeConfigurationMethod(Invoker.java:458)
at org.testng.internal.Invoker.invokeConfigurations(Invoker.java:222)
at org.testng.internal.Invoker.invokeMethod(Invoker.java:646)
at org.testng.internal.Invoker.invokeTestMethod(Invoker.java:719)
at org.testng.internal.Invoker.invokeTestMethods(Invoker.java:989)
at org.testng.internal.TestMethodWorker.invokeTestMethods(TestMethodWorker.java:125)
at org.testng.internal.TestMethodWorker.run(TestMethodWorker.java:109)
at org.testng.TestRunner.privateRun(TestRunner.java:648)
at org.testng.TestRunner.run(TestRunner.java:505)
at org.testng.SuiteRunner.runTest(SuiteRunner.java:455)
at org.testng.SuiteRunner.runSequentially(SuiteRunner.java:450)
at org.testng.SuiteRunner.privateRun(SuiteRunner.java:415)
at org.testng.SuiteRunner.run(SuiteRunner.java:364)
at org.testng.SuiteRunnerWorker.runSuite(SuiteRunnerWorker.java:52)
at org.testng.SuiteRunnerWorker.run(SuiteRunnerWorker.java:84)
at org.testng.TestNG.runSuitesSequentially(TestNG.java:1208)
at org.testng.TestNG.runSuitesLocally(TestNG.java:1137)
at org.testng.TestNG.runSuites(TestNG.java:1049)
at org.testng.TestNG.run(TestNG.java:1017)
at org.testng.remote.AbstractRemoteTestNG.run(AbstractRemoteTestNG.java:114)
at org.testng.remote.RemoteTestNG.initAndRun(RemoteTestNG.java:251)
at org.testng.remote.RemoteTestNG.main(RemoteTestNG.java:77)
]]>
    </failure>
  </testcase> <!-- @AfterMethod getResult -->
  <testcase name="middayDeposit" time="0.008" classname="tests.QCStore">
    <failure type="java.io.FileNotFoundException" message="C:\QC_Regression\QC_PDL\TestData\CSR\PDL_BiWeekly\QC_BorrowerReg_NewLoan_MidDayDeposit_Txn_Testdata.xls (The system cannot find the path specified)">
      <![CDATA[java.io.FileNotFoundException: C:\QC_Regression\QC_PDL\TestData\CSR\PDL_BiWeekly\QC_BorrowerReg_NewLoan_MidDayDeposit_Txn_Testdata.xls (The system cannot find the path specified)
at java.io.FileInputStream.open0(Native Method)
at java.io.FileInputStream.open(Unknown Source)
at java.io.FileInputStream.<init>(Unknown Source)
at java.io.FileInputStream.<init>(Unknown Source)
at tests.ExcelNew.<init>(ExcelNew.java:35)
at tests.QCStore.middayDeposit(QCStore.java:3615)
at sun.reflect.NativeMethodAccessorImpl.invoke0(Native Method)
at sun.reflect.NativeMethodAccessorImpl.invoke(Unknown Source)
at sun.reflect.DelegatingMethodAccessorImpl.invoke(Unknown Source)
at java.lang.reflect.Method.invoke(Unknown Source)
at org.testng.internal.MethodInvocationHelper.invokeMethod(MethodInvocationHelper.java:124)
at org.testng.internal.Invoker.invokeMethod(Invoker.java:583)
at org.testng.internal.Invoker.invokeTestMethod(Invoker.java:719)
at org.testng.internal.Invoker.invokeTestMethods(Invoker.java:989)
at org.testng.internal.TestMethodWorker.invokeTestMethods(TestMethodWorker.java:125)
at org.testng.internal.TestMethodWorker.run(TestMethodWorker.java:109)
at org.testng.TestRunner.privateRun(TestRunner.java:648)
at org.testng.TestRunner.run(TestRunner.java:505)
at org.testng.SuiteRunner.runTest(SuiteRunner.java:455)
at org.testng.SuiteRunner.runSequentially(SuiteRunner.java:450)
at org.testng.SuiteRunner.privateRun(SuiteRunner.java:415)
at org.testng.SuiteRunner.run(SuiteRunner.java:364)
at org.testng.SuiteRunnerWorker.runSuite(SuiteRunnerWorker.java:52)
at org.testng.SuiteRunnerWorker.run(SuiteRunnerWorker.java:84)
at org.testng.TestNG.runSuitesSequentially(TestNG.java:1208)
at org.testng.TestNG.runSuitesLocally(TestNG.java:1137)
at org.testng.TestNG.runSuites(TestNG.java:1049)
at org.testng.TestNG.run(TestNG.java:1017)
at org.testng.remote.AbstractRemoteTestNG.run(AbstractRemoteTestNG.java:114)
at org.testng.remote.RemoteTestNG.initAndRun(RemoteTestNG.java:251)
at org.testng.remote.RemoteTestNG.main(RemoteTestNG.java:77)
]]>
    </failure>
  </testcase> <!-- middayDeposit -->
  <testcase name="futureMidayDeposit" time="0.0" classname="tests.QCStore">
    <skipped/>
  </testcase> <!-- futureMidayDeposit -->
  <testcase name="inactiveNewloan" time="0.0" classname="tests.QCStore">
    <skipped/>
  </testcase> <!-- inactiveNewloan -->
  <testcase name="Achdeposit" time="0.0" classname="tests.QCStore">
    <skipped/>
  </testcase> <!-- Achdeposit -->
  <testcase name="rescindloan" time="0.0" classname="tests.QCStore">
    <skipped/>
  </testcase> <!-- rescindloan -->
  <testcase name="agerescindtest" time="0.0" classname="tests.QCStore">
    <skipped/>
  </testcase> <!-- agerescindtest -->
  <testcase name="maxloanCount" time="0.0" classname="tests.QCStore">
    <skipped/>
  </testcase> <!-- maxloanCount -->
  <testcase name="GracedaysMiddayDeposit" time="0.0" classname="tests.QCStore">
    <skipped/>
  </testcase> <!-- GracedaysMiddayDeposit -->
  <testcase name="GracedaysDepositMenu" time="0.0" classname="tests.QCStore">
    <skipped/>
  </testcase> <!-- GracedaysDepositMenu -->
  <testcase name="RefinanceStepup" time="0.0" classname="tests.QCStore">
    <skipped/>
  </testcase> <!-- RefinanceStepup -->
  <testcase name="RefinanceStepSame" time="0.0" classname="tests.QCStore">
    <skipped/>
  </testcase> <!-- RefinanceStepSame -->
  <testcase name="RefinanceStepupVoid" time="0.0" classname="tests.QCStore">
    <skipped/>
  </testcase> <!-- RefinanceStepupVoid -->
  <testcase name="RefinanceStepSameVoid" time="0.0" classname="tests.QCStore">
    <skipped/>
  </testcase> <!-- RefinanceStepSameVoid -->
  <testcase name="borrowregNewloan" time="0.0" classname="tests.QCStore">
    <skipped/>
  </testcase> <!-- borrowregNewloan -->
  <testcase name="rebateStepup" time="0.0" classname="tests.QCStore">
    <skipped/>
  </testcase> <!-- rebateStepup -->
  <testcase name="rebateStepupVoid" time="0.0" classname="tests.QCStore">
    <skipped/>
  </testcase> <!-- rebateStepupVoid -->
  <testcase name="AQC_EPPDeposit" time="0.0" classname="tests.QCStore">
    <skipped/>
  </testcase> <!-- AQC_EPPDeposit -->
  <testcase name="AQC_EPP_Prepayment" time="0.0" classname="tests.QCStore">
    <skipped/>
  </testcase> <!-- AQC_EPP_Prepayment -->
  <testcase name="AQC_EPP_clear" time="0.0" classname="tests.QCStore">
    <skipped/>
  </testcase> <!-- AQC_EPP_clear -->
  <testcase name="AQC_EPP_refund" time="0.0" classname="tests.QCStore">
    <skipped/>
  </testcase> <!-- AQC_EPP_refund -->
  <testcase name="AQC_EPP_Return" time="0.0" classname="tests.QCStore">
    <skipped/>
  </testcase> <!-- AQC_EPP_Return -->
  <testcase name="AQC_EPP_nsfPayment" time="0.0" classname="tests.QCStore">
    <skipped/>
  </testcase> <!-- AQC_EPP_nsfPayment -->
  <testcase name="AQC_EPP_Redeposit" time="0.0" classname="tests.QCStore">
    <skipped/>
  </testcase> <!-- AQC_EPP_Redeposit -->
  <testcase name="QC_NewLoan_Promotion_Txn" time="0.0" classname="tests.QCStore">
    <skipped/>
  </testcase> <!-- QC_NewLoan_Promotion_Txn -->
  <testcase name="QC_RefinanceStepDown_Txn" time="0.0" classname="tests.QCStore">
    <skipped/>
  </testcase> <!-- QC_RefinanceStepDown_Txn -->
  <testcase name="QC_RefinanceStepDown_Void_Txn" time="0.0" classname="tests.QCStore">
    <skipped/>
  </testcase> <!-- QC_RefinanceStepDown_Void_Txn -->
  <testcase name="QC_OpenLoan_NewLoan_Txn" time="0.0" classname="tests.QCStore">
    <skipped/>
  </testcase> <!-- QC_OpenLoan_NewLoan_Txn -->
  <testcase name="QC_NewLoan_Void_Txn" time="0.0" classname="tests.QCStore">
    <skipped/>
  </testcase> <!-- QC_NewLoan_Void_Txn -->
  <testcase name="QC_AgeStore_Void_Txn" time="0.0" classname="tests.QCStore">
    <skipped/>
  </testcase> <!-- QC_AgeStore_Void_Txn -->
  <testcase name="QC_Deposit_Menu_Txn" time="0.0" classname="tests.QCStore">
    <skipped/>
  </testcase> <!-- QC_Deposit_Menu_Txn -->
  <testcase name="QC_Deposit_GraceDays_Txn" time="0.0" classname="tests.QCStore">
    <skipped/>
  </testcase> <!-- QC_Deposit_GraceDays_Txn -->
  <testcase name="QC_FutureDeposit_DropDown" time="0.0" classname="tests.QCStore">
    <skipped/>
  </testcase> <!-- QC_FutureDeposit_DropDown -->
  <testcase name="QC_Epp_Deposit_Void_Txn" time="0.0" classname="tests.QCStore">
    <skipped/>
  </testcase> <!-- QC_Epp_Deposit_Void_Txn -->
  <testcase name="QC_Epp_PrePayment_Txn" time="0.0" classname="tests.QCStore">
    <skipped/>
  </testcase> <!-- QC_Epp_PrePayment_Txn -->
  <testcase name="QC_Epp_Check_Deposit_Clear_Txn" time="0.0" classname="tests.QCStore">
    <skipped/>
  </testcase> <!-- QC_Epp_Check_Deposit_Clear_Txn -->
  <testcase name="QC_EppDepositClear_Refund_Txn" time="0.0" classname="tests.QCStore">
    <skipped/>
  </testcase> <!-- QC_EppDepositClear_Refund_Txn -->
  <testcase name="QC_Epp_PrePayment_Return_Txn" time="0.0" classname="tests.QCStore">
    <skipped/>
  </testcase> <!-- QC_Epp_PrePayment_Return_Txn -->
  <testcase name="QC_Epp_Return_NSFPayment_Txn" time="0.0" classname="tests.QCStore">
    <skipped/>
  </testcase> <!-- QC_Epp_Return_NSFPayment_Txn -->
  <testcase name="QC_Epp_Return_ReDeposit_Txn" time="0.0" classname="tests.QCStore">
    <skipped/>
  </testcase> <!-- QC_Epp_Return_ReDeposit_Txn -->
  <testcase name="QC_Void_FullReturnPayment_Txn" time="0.0" classname="tests.QCStore">
    <skipped/>
  </testcase> <!-- QC_Void_FullReturnPayment_Txn -->
  <testcase name="QC_PartialPayment_RefundVoid_Txn" time="0.0" classname="tests.QCStore">
    <skipped/>
  </testcase> <!-- QC_PartialPayment_RefundVoid_Txn -->
  <testcase name="QC_Refinance_StepSameURP_Txn" time="0.0" classname="tests.QCStore">
    <skipped/>
  </testcase> <!-- QC_Refinance_StepSameURP_Txn -->
  <testcase name="QC_Refinance_StepSameVoidURP_Txn" time="0.0" classname="tests.QCStore">
    <skipped/>
  </testcase> <!-- QC_Refinance_StepSameVoidURP_Txn -->
  <testcase name="QC_Refinance_StepDownURP_Txn" time="0.0" classname="tests.QCStore">
    <skipped/>
  </testcase> <!-- QC_Refinance_StepDownURP_Txn -->
  <testcase name="QC_Refinance_StepDownVoidURP_Txn" time="0.0" classname="tests.QCStore">
    <skipped/>
  </testcase> <!-- QC_Refinance_StepDownVoidURP_Txn -->
  <testcase name="QC_EOD_Deposit_Txn" time="0.0" classname="tests.QCStore">
    <skipped/>
  </testcase> <!-- QC_EOD_Deposit_Txn -->
  <testcase name="QC_GraceDays_EODDeposit_Txn" time="0.0" classname="tests.QCStore">
    <skipped/>
  </testcase> <!-- QC_GraceDays_EODDeposit_Txn -->
  <testcase name="QC_FutureDeposit_EOD_Txn" time="0.0" classname="tests.QCStore">
    <skipped/>
  </testcase> <!-- QC_FutureDeposit_EOD_Txn -->
  <testcase name="JQC_AgeStore_Deposit_PrePayment_Void_Txn" time="0.0" classname="tests.QCStore">
    <skipped/>
  </testcase> <!-- JQC_AgeStore_Deposit_PrePayment_Void_Txn -->
  <testcase name="JQC_AgeStore_Deposit_ClearDropdown_Txn" time="0.0" classname="tests.QCStore">
    <skipped/>
  </testcase> <!-- JQC_AgeStore_Deposit_ClearDropdown_Txn -->
  <testcase name="JQC_AgeStore_Deposit_ClearMenu_Txn" time="0.0" classname="tests.QCStore">
    <skipped/>
  </testcase> <!-- JQC_AgeStore_Deposit_ClearMenu_Txn -->
  <testcase name="JQC_AgeStore_Deposit_AutoClear_Txn" time="0.0" classname="tests.QCStore">
    <skipped/>
  </testcase> <!-- JQC_AgeStore_Deposit_AutoClear_Txn -->
  <testcase name="JQC_AgeStore_PrePayment_Return_Txn" time="0.0" classname="tests.QCStore">
    <skipped/>
  </testcase> <!-- JQC_AgeStore_PrePayment_Return_Txn -->
  <testcase name="JQC_AgeStore_PrePayment_Clear_Txn" time="0.0" classname="tests.QCStore">
    <skipped/>
  </testcase> <!-- JQC_AgeStore_PrePayment_Clear_Txn -->
  <testcase name="JQC_AgeStore_NSFPosting_Refinance_Rescind_Txn" time="0.0" classname="tests.QCStore">
    <skipped/>
  </testcase> <!-- JQC_AgeStore_NSFPosting_Refinance_Rescind_Txn -->
  <testcase name="JQC_AgeStore_ACHReturn_Refinance_Rescind_Txn" time="0.0" classname="tests.QCStore">
    <skipped/>
  </testcase> <!-- JQC_AgeStore_ACHReturn_Refinance_Rescind_Txn -->
  <testcase name="JQC_AgeStore_DCDeposit_Txn" time="0.0" classname="tests.QCStore">
    <skipped/>
  </testcase> <!-- JQC_AgeStore_DCDeposit_Txn -->
  <testcase name="JQC_AgeStore_Deposit_Return_Refinance_Txn" time="0.0" classname="tests.QCStore">
    <skipped/>
  </testcase> <!-- JQC_AgeStore_Deposit_Return_Refinance_Txn -->
  <testcase name="JQC_AgeStore_DCDeposit_Menu_Txn" time="0.0" classname="tests.QCStore">
    <skipped/>
  </testcase> <!-- JQC_AgeStore_DCDeposit_Menu_Txn -->
  <testcase name="JQC_AgeStore_Deposit_Return_Refinance_Void_Txn" time="0.0" classname="tests.QCStore">
    <skipped/>
  </testcase> <!-- JQC_AgeStore_Deposit_Return_Refinance_Void_Txn -->
  <testcase name="JQC_AgeStore_GraceDays_DCDeposit_Dropdown_Txn" time="0.0" classname="tests.QCStore">
    <skipped/>
  </testcase> <!-- JQC_AgeStore_GraceDays_DCDeposit_Dropdown_Txn -->
  <testcase name="JQC_AgeStore_Refinance_Rescind_Txn" time="0.0" classname="tests.QCStore">
    <skipped/>
  </testcase> <!-- JQC_AgeStore_Refinance_Rescind_Txn -->
  <testcase name="JQC_AgeStore_GraceDays_DCDeposit_Menu_Txn" time="0.0" classname="tests.QCStore">
    <skipped/>
  </testcase> <!-- JQC_AgeStore_GraceDays_DCDeposit_Menu_Txn -->
  <testcase name="JQC_AgeStore_Redeposit_Prepayment_Void_Prepayment_Return_Txn" time="0.0" classname="tests.QCStore">
    <skipped/>
  </testcase> <!-- JQC_AgeStore_Redeposit_Prepayment_Void_Prepayment_Return_Txn -->
  <testcase name="JQC_Return_ReDeposit_Clear_Txn" time="0.0" classname="tests.QCStore">
    <skipped/>
  </testcase> <!-- JQC_Return_ReDeposit_Clear_Txn -->
  <testcase name="JQC_NewLoan_Veritec_Txn" time="0.0" classname="tests.QCStore">
    <skipped/>
  </testcase> <!-- JQC_NewLoan_Veritec_Txn -->
  <testcase name="JQC_BuyBack_Txn_Testdata" time="0.0" classname="tests.QCStore">
    <skipped/>
  </testcase> <!-- JQC_BuyBack_Txn_Testdata -->
  <testcase name="JQC_BuyBack_Void_Txn_Testdata" time="0.0" classname="tests.QCStore">
    <skipped/>
  </testcase> <!-- JQC_BuyBack_Void_Txn_Testdata -->
  <testcase name="JQC_BuyBack_Rebate_Txn_Testdata" time="0.0" classname="tests.QCStore">
    <skipped/>
  </testcase> <!-- JQC_BuyBack_Rebate_Txn_Testdata -->
  <testcase name="JQC_BuyBack_Rebate_Void_Txn_Testdata" time="0.0" classname="tests.QCStore">
    <skipped/>
  </testcase> <!-- JQC_BuyBack_Rebate_Void_Txn_Testdata -->
  <testcase name="JQC_ChkDeposit_RtnChk_ReDeposit_Payment_Void_Clear_Txn_Testdata" time="0.0" classname="tests.QCStore">
    <skipped/>
  </testcase> <!-- JQC_ChkDeposit_RtnChk_ReDeposit_Payment_Void_Clear_Txn_Testdata -->
  <testcase name="JQC_Deposit_Return_EPP_Txn_Testdata" time="0.0" classname="tests.QCStore">
    <skipped/>
  </testcase> <!-- JQC_Deposit_Return_EPP_Txn_Testdata -->
  <testcase name="JQC_EPP_AgestoreInstallmentwise_EPPPayment_Txn_Testdata" time="0.0" classname="tests.QCStore">
    <skipped/>
  </testcase> <!-- JQC_EPP_AgestoreInstallmentwise_EPPPayment_Txn_Testdata -->
  <testcase name="JQC_PartialWORecovery_FullWORecovery_Void_Txn_Testdata" time="0.0" classname="tests.QCStore">
    <skipped/>
  </testcase> <!-- JQC_PartialWORecovery_FullWORecovery_Void_Txn_Testdata -->
  <testcase name="JQC_ACH_PartialWORecovery_FullWORecovery_Void_Txn_Testdata" time="0.0" classname="tests.QCStore">
    <skipped/>
  </testcase> <!-- JQC_ACH_PartialWORecovery_FullWORecovery_Void_Txn_Testdata -->
  <testcase name="JQC_EPP_Txn_Testdata" time="0.0" classname="tests.QCStore">
    <skipped/>
  </testcase> <!-- JQC_EPP_Txn_Testdata -->
</testsuite> <!-- Default test -->
