<?xml version="1.0" encoding="UTF-8"?>
<!-- Generated by org.testng.reporters.JUnitXMLReporter -->
<testsuite hostname="QTLSYS0-224" ignored="50" name="Test" tests="1" failures="1" timestamp="22 Jan 2020 05:20:06 GMT" time="33.109" errors="0">
  <testcase name="RQC_Bankruptcy_WORecovery_Txn_Testdata" time="29.92" classname="tests.QCStore">
    <failure type="org.openqa.selenium.UnhandledAlertException" message="Modal dialog present: SSN already exist.
Build info: version: &amp;apos;3.14.0&amp;apos;, revision: &amp;apos;aacccce0&amp;apos;, time: &amp;apos;2018-08-02T20:19:58.91Z&amp;apos;
System info: host: &amp;apos;QTLSYS0-224&amp;apos;, ip: &amp;apos;192.168.0.224&amp;apos;, os.name: &amp;apos;Windows 10&amp;apos;, os.arch: &amp;apos;amd64&amp;apos;, os.version: &amp;apos;10.0&amp;apos;, java.version: &amp;apos;1.8.0_181&amp;apos;
Driver info: org.openqa.selenium.ie.InternetExplorerDriver
Capabilities {browserAttachTimeout: 0, browserName: internet explorer, cssSelectorsEnabled: true, elementScrollBehavior: 0, enableElementCacheCleanup: true, enablePersistentHover: true, handlesAlerts: true, ie.browserCommandLineSwitches: , ie.ensureCleanSession: false, ie.forceCreateProcessApi: false, ie.usePerProcessProxy: false, ignoreProtectedModeSettings: false, ignoreZoomSetting: false, initialBrowserUrl: http://localhost:16993/, javascriptEnabled: true, nativeEvents: true, platform: WINDOWS, platformName: WINDOWS, requireWindowFocus: false, takesScreenshot: true, unexpectedAlertBehaviour: dismiss, unhandledPromptBehavior: dismiss, version: 11}
Session ID: edc957b9-a586-4a98-9d73-320ac420c2c6">
      <![CDATA[org.openqa.selenium.UnhandledAlertException: Modal dialog present: SSN already exist.
Build info: version: '3.14.0', revision: 'aacccce0', time: '2018-08-02T20:19:58.91Z'
System info: host: 'QTLSYS0-224', ip: '192.168.0.224', os.name: 'Windows 10', os.arch: 'amd64', os.version: '10.0', java.version: '1.8.0_181'
Driver info: org.openqa.selenium.ie.InternetExplorerDriver
Capabilities {browserAttachTimeout: 0, browserName: internet explorer, cssSelectorsEnabled: true, elementScrollBehavior: 0, enableElementCacheCleanup: true, enablePersistentHover: true, handlesAlerts: true, ie.browserCommandLineSwitches: , ie.ensureCleanSession: false, ie.forceCreateProcessApi: false, ie.usePerProcessProxy: false, ignoreProtectedModeSettings: false, ignoreZoomSetting: false, initialBrowserUrl: http://localhost:16993/, javascriptEnabled: true, nativeEvents: true, platform: WINDOWS, platformName: WINDOWS, requireWindowFocus: false, takesScreenshot: true, unexpectedAlertBehaviour: dismiss, unhandledPromptBehavior: dismiss, version: 11}
Session ID: edc957b9-a586-4a98-9d73-320ac420c2c6
at org.openqa.selenium.remote.ErrorHandler.createThrowable(ErrorHandler.java:214)
at org.openqa.selenium.remote.ErrorHandler.createUnhandledAlertException(ErrorHandler.java:195)
at org.openqa.selenium.remote.ErrorHandler.throwIfResponseFailed(ErrorHandler.java:156)
at org.openqa.selenium.remote.http.JsonHttpResponseCodec.reconstructValue(JsonHttpResponseCodec.java:40)
at org.openqa.selenium.remote.http.AbstractHttpResponseCodec.decode(AbstractHttpResponseCodec.java:80)
at org.openqa.selenium.remote.http.AbstractHttpResponseCodec.decode(AbstractHttpResponseCodec.java:44)
at org.openqa.selenium.remote.HttpCommandExecutor.execute(HttpCommandExecutor.java:158)
at org.openqa.selenium.remote.service.DriverCommandExecutor.execute(DriverCommandExecutor.java:83)
at org.openqa.selenium.remote.RemoteWebDriver.execute(RemoteWebDriver.java:548)
at org.openqa.selenium.remote.RemoteWebElement.execute(RemoteWebElement.java:276)
at org.openqa.selenium.remote.RemoteWebElement.sendKeys(RemoteWebElement.java:100)
at tests.RQCBorrowerRegistration.borrowerRegistration(RQCBorrowerRegistration.java:171)
at tests.QCStore.RQC_Bankruptcy_WORecovery_Txn_Testdata(QCStore.java:2155)
... Removed 29 stack frames]]>
    </failure>
  </testcase> <!-- RQC_Bankruptcy_WORecovery_Txn_Testdata -->
  <testcase name="QC_PayAnyotherAmount_Void_Txn" time="0.0" classname="tests.QCStore">
    <ignored/>
  </testcase> <!-- QC_PayAnyotherAmount_Void_Txn -->
  <testcase name="RQC_Bankruptcy_Dismiss_Txn_Testdata" time="0.0" classname="tests.QCStore">
    <ignored/>
  </testcase> <!-- RQC_Bankruptcy_Dismiss_Txn_Testdata -->
  <testcase name="JQC_ILP_GraceDays_Deposit_dropdown_Txn" time="0.0" classname="tests.QCStore">
    <ignored/>
  </testcase> <!-- JQC_ILP_GraceDays_Deposit_dropdown_Txn -->
  <testcase name="ILP_RefinanceStepSame" time="0.0" classname="tests.QCStore">
    <ignored/>
  </testcase> <!-- ILP_RefinanceStepSame -->
  <testcase name="ILP_inactiveNewloan" time="0.0" classname="tests.QCStore">
    <ignored/>
  </testcase> <!-- ILP_inactiveNewloan -->
  <testcase name="RQC_WriteOffRecovery_Txn_Testdata" time="0.0" classname="tests.QCStore">
    <ignored/>
  </testcase> <!-- RQC_WriteOffRecovery_Txn_Testdata -->
  <testcase name="ILP_borrowregNewloan" time="0.0" classname="tests.QCStore">
    <ignored/>
  </testcase> <!-- ILP_borrowregNewloan -->
  <testcase name="JQC_ILP_Payment_Refinance_StepUp_Txn" time="0.0" classname="tests.QCStore">
    <ignored/>
  </testcase> <!-- JQC_ILP_Payment_Refinance_StepUp_Txn -->
  <testcase name="QC_NewLoan_Promotion_Txn" time="0.0" classname="tests.QCStore">
    <ignored/>
  </testcase> <!-- QC_NewLoan_Promotion_Txn -->
  <testcase name="QC_LessInterest_VoidFullPayment_Txn" time="0.0" classname="tests.QCStore">
    <ignored/>
  </testcase> <!-- QC_LessInterest_VoidFullPayment_Txn -->
  <testcase name="JQC_ILP_GraceDays_Deposit_Menu_Txn" time="0.0" classname="tests.QCStore">
    <ignored/>
  </testcase> <!-- JQC_ILP_GraceDays_Deposit_Menu_Txn -->
  <testcase name="RQC_Default_TLPConversion_Txn_Testdata" time="0.0" classname="tests.QCStore">
    <ignored/>
  </testcase> <!-- RQC_Default_TLPConversion_Txn_Testdata -->
  <testcase name="RQC_Bankruptcy_Discharge_Txn_Testdata" time="0.0" classname="tests.QCStore">
    <ignored/>
  </testcase> <!-- RQC_Bankruptcy_Discharge_Txn_Testdata -->
  <testcase name="QC_ILP_NewLoanInstallmentDeposit_Txn" time="0.0" classname="tests.QCStore">
    <ignored/>
  </testcase> <!-- QC_ILP_NewLoanInstallmentDeposit_Txn -->
  <testcase name="QC_Installmentpayment_Void_Txn" time="0.0" classname="tests.QCStore">
    <ignored/>
  </testcase> <!-- QC_Installmentpayment_Void_Txn -->
  <testcase name="RQC_DefaultPayment_Void_Txn_Testdata" time="0.0" classname="tests.QCStore">
    <ignored/>
  </testcase> <!-- RQC_DefaultPayment_Void_Txn_Testdata -->
  <testcase name="QC_InstallPayment_Ref_Rescind_Txn" time="0.0" classname="tests.QCStore">
    <ignored/>
  </testcase> <!-- QC_InstallPayment_Ref_Rescind_Txn -->
  <testcase name="JQC_ILP_GraceDays_Deposit_MidDay_Txn" time="0.0" classname="tests.QCStore">
    <ignored/>
  </testcase> <!-- JQC_ILP_GraceDays_Deposit_MidDay_Txn -->
  <testcase name="QC_NewLoan_TLPConversion_Txn" time="0.0" classname="tests.QCStore">
    <ignored/>
  </testcase> <!-- QC_NewLoan_TLPConversion_Txn -->
  <testcase name="ILP_RefinanceStepSame_Void" time="0.0" classname="tests.QCStore">
    <ignored/>
  </testcase> <!-- ILP_RefinanceStepSame_Void -->
  <testcase name="ILP_Redeposit" time="0.0" classname="tests.QCStore">
    <ignored/>
  </testcase> <!-- ILP_Redeposit -->
  <testcase name="ILP_RefinanceStepDown" time="0.0" classname="tests.QCStore">
    <ignored/>
  </testcase> <!-- ILP_RefinanceStepDown -->
  <testcase name="QC_AgeStore_Void_Txn" time="0.0" classname="tests.QCStore">
    <ignored/>
  </testcase> <!-- QC_AgeStore_Void_Txn -->
  <testcase name="ILP_ProcessClear" time="0.0" classname="tests.QCStore">
    <ignored/>
  </testcase> <!-- ILP_ProcessClear -->
  <testcase name="QC_ILP_Deposit_Return_Txn" time="0.0" classname="tests.QCStore">
    <ignored/>
  </testcase> <!-- QC_ILP_Deposit_Return_Txn -->
  <testcase name="ILP_voidRefinance" time="0.0" classname="tests.QCStore">
    <ignored/>
  </testcase> <!-- ILP_voidRefinance -->
  <testcase name="QC_PayAnyotherAmount_Txn" time="0.0" classname="tests.QCStore">
    <ignored/>
  </testcase> <!-- QC_PayAnyotherAmount_Txn -->
  <testcase name="QC_NewLoan_Void_Txn" time="0.0" classname="tests.QCStore">
    <ignored/>
  </testcase> <!-- QC_NewLoan_Void_Txn -->
  <testcase name="RQC_WriteOffRecovery_Void_Txn_Testdata" time="0.0" classname="tests.QCStore">
    <ignored/>
  </testcase> <!-- RQC_WriteOffRecovery_Void_Txn_Testdata -->
  <testcase name="ILP_RefinanceStepDown_void" time="0.0" classname="tests.QCStore">
    <ignored/>
  </testcase> <!-- ILP_RefinanceStepDown_void -->
  <testcase name="JQC_ILP_SignaturLoan_Default_Txn" time="0.0" classname="tests.QCStore">
    <ignored/>
  </testcase> <!-- JQC_ILP_SignaturLoan_Default_Txn -->
  <testcase name="JQC_ILP_Deposit_MidDay_Txn" time="0.0" classname="tests.QCStore">
    <ignored/>
  </testcase> <!-- JQC_ILP_Deposit_MidDay_Txn -->
  <testcase name="QC_Installmentpayment_Txn" time="0.0" classname="tests.QCStore">
    <ignored/>
  </testcase> <!-- QC_Installmentpayment_Txn -->
  <testcase name="ILP_RefinanceStepup" time="0.0" classname="tests.QCStore">
    <ignored/>
  </testcase> <!-- ILP_RefinanceStepup -->
  <testcase name="QC_ILP_Buyback_Void_Txn" time="0.0" classname="tests.QCStore">
    <ignored/>
  </testcase> <!-- QC_ILP_Buyback_Void_Txn -->
  <testcase name="QC_ILP_Buyback_Txn" time="0.0" classname="tests.QCStore">
    <ignored/>
  </testcase> <!-- QC_ILP_Buyback_Txn -->
  <testcase name="ILP_maxloanCount" time="0.0" classname="tests.QCStore">
    <ignored/>
  </testcase> <!-- ILP_maxloanCount -->
  <testcase name="QC_ILP_clear_Menu_Txn" time="0.0" classname="tests.QCStore">
    <ignored/>
  </testcase> <!-- QC_ILP_clear_Menu_Txn -->
  <testcase name="RQC_DefaultPayment_Txn_Testdata" time="0.0" classname="tests.QCStore">
    <ignored/>
  </testcase> <!-- RQC_DefaultPayment_Txn_Testdata -->
  <testcase name="QC_ILP_Return_Menu_Txn" time="0.0" classname="tests.QCStore">
    <ignored/>
  </testcase> <!-- QC_ILP_Return_Menu_Txn -->
  <testcase name="ILP_RefinanceStepUpVoid" time="0.0" classname="tests.QCStore">
    <ignored/>
  </testcase> <!-- ILP_RefinanceStepUpVoid -->
  <testcase name="JQC_ILP_Deposit_Menu_Txn" time="0.0" classname="tests.QCStore">
    <ignored/>
  </testcase> <!-- JQC_ILP_Deposit_Menu_Txn -->
  <testcase name="JQC_ILP_Deposit_dropdown_Txn" time="0.0" classname="tests.QCStore">
    <ignored/>
  </testcase> <!-- JQC_ILP_Deposit_dropdown_Txn -->
  <testcase name="JQC_ILP_GraceDays_Deposit_EOD_Txn" time="0.0" classname="tests.QCStore">
    <ignored/>
  </testcase> <!-- JQC_ILP_GraceDays_Deposit_EOD_Txn -->
  <testcase name="ILP_agerescindtest" time="0.0" classname="tests.QCStore">
    <ignored/>
  </testcase> <!-- ILP_agerescindtest -->
  <testcase name="ILP_rescindloan" time="0.0" classname="tests.QCStore">
    <ignored/>
  </testcase> <!-- ILP_rescindloan -->
  <testcase name="ILP_CheckAutoClear" time="0.0" classname="tests.QCStore">
    <ignored/>
  </testcase> <!-- ILP_CheckAutoClear -->
  <testcase name="JQC_ILP_Deceased_Txn" time="0.0" classname="tests.QCStore">
    <ignored/>
  </testcase> <!-- JQC_ILP_Deceased_Txn -->
  <testcase name="JQC_ILP_Deposit_EOD_Txn" time="0.0" classname="tests.QCStore">
    <ignored/>
  </testcase> <!-- JQC_ILP_Deposit_EOD_Txn -->
  <testcase name="RQC_Default_Refinance_Txn_Testdata" time="0.0" classname="tests.QCStore">
    <ignored/>
  </testcase> <!-- RQC_Default_Refinance_Txn_Testdata -->
</testsuite> <!-- Test -->
