<?xml version="1.0" encoding="UTF-8"?>
<testng-results skipped="0" failed="0" ignored="109" total="113" passed="4">
  <reporter-output>
  </reporter-output>
  <suite name="Suite" duration-ms="4688112" started-at="2020-02-06T07:05:19Z" finished-at="2020-02-06T08:23:27Z">
    <groups>
      <group name="Anoop_EOD3">
        <method signature="QCStore.Clear_Return_EODTwice()[pri:1, instance:tests.QCStore@520a3426]" name="Clear_Return_EODTwice" class="tests.QCStore"/>
        <method signature="QCStore.DepositEODReDeposit()[pri:3, instance:tests.QCStore@520a3426]" name="DepositEODReDeposit" class="tests.QCStore"/>
        <method signature="QCStore.PaymentDepositEODReDeposit()[pri:4, instance:tests.QCStore@520a3426]" name="PaymentDepositEODReDeposit" class="tests.QCStore"/>
        <method signature="QCStore.SignatureNewLoan_EODTwice()[pri:2, instance:tests.QCStore@520a3426]" name="SignatureNewLoan_EODTwice" class="tests.QCStore"/>
      </group> <!-- Anoop_EOD3 -->
    </groups>
    <test name="Test" duration-ms="4688112" started-at="2020-02-06T07:05:19Z" finished-at="2020-02-06T08:23:27Z">
      <class name="tests.QCStore">
        <test-method status="PASS" signature="setup()[pri:0, instance:tests.QCStore@520a3426]" name="setup" is-config="true" duration-ms="88" started-at="2020-02-06T07:05:19Z" finished-at="2020-02-06T07:05:19Z">
          <reporter-output>
          </reporter-output>
        </test-method> <!-- setup -->
        <test-method status="PASS" signature="killProcess()[pri:0, instance:tests.QCStore@520a3426]" name="killProcess" is-config="true" duration-ms="2021" started-at="2020-02-06T07:05:19Z" finished-at="2020-02-06T07:05:21Z">
          <reporter-output>
          </reporter-output>
        </test-method> <!-- killProcess -->
        <test-method status="PASS" signature="Clear_Return_EODTwice()[pri:1, instance:tests.QCStore@520a3426]" name="Clear_Return_EODTwice" duration-ms="1567826" started-at="2020-02-06T07:05:21Z" finished-at="2020-02-06T07:31:29Z">
          <reporter-output>
          </reporter-output>
        </test-method> <!-- Clear_Return_EODTwice -->
        <test-method status="PASS" signature="getResult(org.testng.ITestResult)[pri:0, instance:tests.QCStore@520a3426]" name="getResult" is-config="true" duration-ms="406" started-at="2020-02-06T07:31:29Z" finished-at="2020-02-06T07:31:29Z">
          <params>
            <param index="0">
              <value>
                <![CDATA[[TestResult name=Clear_Return_EODTwice status=SUCCESS method=QCStore.Clear_Return_EODTwice()[pri:1, instance:tests.QCStore@520a3426] output={null}]]]>
              </value>
            </param>
          </params>
          <reporter-output>
          </reporter-output>
        </test-method> <!-- getResult -->
        <test-method status="PASS" signature="killProcess()[pri:0, instance:tests.QCStore@520a3426]" name="killProcess" is-config="true" duration-ms="2021" started-at="2020-02-06T07:31:29Z" finished-at="2020-02-06T07:31:31Z">
          <reporter-output>
          </reporter-output>
        </test-method> <!-- killProcess -->
        <test-method status="PASS" signature="SignatureNewLoan_EODTwice()[pri:2, instance:tests.QCStore@520a3426]" name="SignatureNewLoan_EODTwice" duration-ms="1251621" started-at="2020-02-06T07:31:31Z" finished-at="2020-02-06T07:52:23Z">
          <reporter-output>
          </reporter-output>
        </test-method> <!-- SignatureNewLoan_EODTwice -->
        <test-method status="PASS" signature="getResult(org.testng.ITestResult)[pri:0, instance:tests.QCStore@520a3426]" name="getResult" is-config="true" duration-ms="80" started-at="2020-02-06T07:52:23Z" finished-at="2020-02-06T07:52:23Z">
          <params>
            <param index="0">
              <value>
                <![CDATA[[TestResult name=SignatureNewLoan_EODTwice status=SUCCESS method=QCStore.SignatureNewLoan_EODTwice()[pri:2, instance:tests.QCStore@520a3426] output={null}]]]>
              </value>
            </param>
          </params>
          <reporter-output>
          </reporter-output>
        </test-method> <!-- getResult -->
        <test-method status="PASS" signature="killProcess()[pri:0, instance:tests.QCStore@520a3426]" name="killProcess" is-config="true" duration-ms="2042" started-at="2020-02-06T07:52:23Z" finished-at="2020-02-06T07:52:25Z">
          <reporter-output>
          </reporter-output>
        </test-method> <!-- killProcess -->
        <test-method status="PASS" signature="DepositEODReDeposit()[pri:3, instance:tests.QCStore@520a3426]" name="DepositEODReDeposit" duration-ms="862659" started-at="2020-02-06T07:52:25Z" finished-at="2020-02-06T08:06:48Z">
          <reporter-output>
          </reporter-output>
        </test-method> <!-- DepositEODReDeposit -->
        <test-method status="PASS" signature="getResult(org.testng.ITestResult)[pri:0, instance:tests.QCStore@520a3426]" name="getResult" is-config="true" duration-ms="37" started-at="2020-02-06T08:06:48Z" finished-at="2020-02-06T08:06:48Z">
          <params>
            <param index="0">
              <value>
                <![CDATA[[TestResult name=DepositEODReDeposit status=SUCCESS method=QCStore.DepositEODReDeposit()[pri:3, instance:tests.QCStore@520a3426] output={null}]]]>
              </value>
            </param>
          </params>
          <reporter-output>
          </reporter-output>
        </test-method> <!-- getResult -->
        <test-method status="PASS" signature="killProcess()[pri:0, instance:tests.QCStore@520a3426]" name="killProcess" is-config="true" duration-ms="2028" started-at="2020-02-06T08:06:48Z" finished-at="2020-02-06T08:06:50Z">
          <reporter-output>
          </reporter-output>
        </test-method> <!-- killProcess -->
        <test-method status="PASS" signature="PaymentDepositEODReDeposit()[pri:4, instance:tests.QCStore@520a3426]" name="PaymentDepositEODReDeposit" duration-ms="997225" started-at="2020-02-06T08:06:50Z" finished-at="2020-02-06T08:23:27Z">
          <reporter-output>
          </reporter-output>
        </test-method> <!-- PaymentDepositEODReDeposit -->
        <test-method status="PASS" signature="getResult(org.testng.ITestResult)[pri:0, instance:tests.QCStore@520a3426]" name="getResult" is-config="true" duration-ms="32" started-at="2020-02-06T08:23:27Z" finished-at="2020-02-06T08:23:27Z">
          <params>
            <param index="0">
              <value>
                <![CDATA[[TestResult name=PaymentDepositEODReDeposit status=SUCCESS method=QCStore.PaymentDepositEODReDeposit()[pri:4, instance:tests.QCStore@520a3426] output={null}]]]>
              </value>
            </param>
          </params>
          <reporter-output>
          </reporter-output>
        </test-method> <!-- getResult -->
      </class> <!-- tests.QCStore -->
    </test> <!-- Test -->
  </suite> <!-- Suite -->
</testng-results>
