<?xml version="1.0" encoding="UTF-8"?>
<testng-results skipped="0" failed="1" ignored="76" total="77" passed="0">
  <reporter-output>
  </reporter-output>
  <suite name="Suite" duration-ms="3819" started-at="2020-01-23T11:24:09Z" finished-at="2020-01-23T11:24:13Z">
    <groups>
      <group name="Anoop1">
        <method signature="QCStore.AQC_EPP_Redeposit()[pri:22, instance:tests.QCStore@520a3426]" name="AQC_EPP_Redeposit" class="tests.QCStore"/>
      </group> <!-- Anoop1 -->
    </groups>
    <test name="Test" duration-ms="3819" started-at="2020-01-23T11:24:09Z" finished-at="2020-01-23T11:24:13Z">
      <class name="tests.QCStore">
        <test-method status="PASS" signature="setup()[pri:0, instance:tests.QCStore@520a3426]" name="setup" is-config="true" duration-ms="73" started-at="2020-01-23T11:24:09Z" finished-at="2020-01-23T11:24:09Z">
          <reporter-output>
          </reporter-output>
        </test-method> <!-- setup -->
        <test-method status="PASS" signature="killProcess()[pri:0, instance:tests.QCStore@520a3426]" name="killProcess" is-config="true" duration-ms="1010" started-at="2020-01-23T11:24:09Z" finished-at="2020-01-23T11:24:10Z">
          <reporter-output>
          </reporter-output>
        </test-method> <!-- killProcess -->
        <test-method status="FAIL" signature="AQC_EPP_Redeposit()[pri:22, instance:tests.QCStore@520a3426]" name="AQC_EPP_Redeposit" duration-ms="2705" started-at="2020-01-23T11:24:10Z" finished-at="2020-01-23T11:24:13Z">
          <exception class="org.openqa.selenium.NoSuchWindowException">
            <message>
              <![CDATA[Unable to find element on closed window (WARNING: The server did not provide any stacktrace information)
Command duration or timeout: 0 milliseconds
Build info: version: '3.14.0', revision: 'aacccce0', time: '2018-08-02T20:19:58.91Z'
System info: host: 'QTLSYS0-224', ip: '192.168.0.224', os.name: 'Windows 10', os.arch: 'amd64', os.version: '10.0', java.version: '1.8.0_181'
Driver info: org.openqa.selenium.ie.InternetExplorerDriver
Capabilities {browserAttachTimeout: 0, browserName: internet explorer, cssSelectorsEnabled: true, elementScrollBehavior: 0, enableElementCacheCleanup: true, enablePersistentHover: true, handlesAlerts: true, ie.browserCommandLineSwitches: , ie.ensureCleanSession: false, ie.forceCreateProcessApi: false, ie.usePerProcessProxy: false, ignoreProtectedModeSettings: false, ignoreZoomSetting: false, initialBrowserUrl: http://localhost:33903/, javascriptEnabled: true, nativeEvents: true, platform: WINDOWS, platformName: WINDOWS, requireWindowFocus: false, takesScreenshot: true, unexpectedAlertBehaviour: dismiss, unhandledPromptBehavior: dismiss, version: 11}
Session ID: 07c46471-eb87-4a83-ad2d-5d2683b9f168
*** Element info: {Using=name, value=loginRequestBean.userId}]]>
            </message>
            <full-stacktrace>
              <![CDATA[org.openqa.selenium.NoSuchWindowException: Unable to find element on closed window (WARNING: The server did not provide any stacktrace information)
Command duration or timeout: 0 milliseconds
Build info: version: '3.14.0', revision: 'aacccce0', time: '2018-08-02T20:19:58.91Z'
System info: host: 'QTLSYS0-224', ip: '192.168.0.224', os.name: 'Windows 10', os.arch: 'amd64', os.version: '10.0', java.version: '1.8.0_181'
Driver info: org.openqa.selenium.ie.InternetExplorerDriver
Capabilities {browserAttachTimeout: 0, browserName: internet explorer, cssSelectorsEnabled: true, elementScrollBehavior: 0, enableElementCacheCleanup: true, enablePersistentHover: true, handlesAlerts: true, ie.browserCommandLineSwitches: , ie.ensureCleanSession: false, ie.forceCreateProcessApi: false, ie.usePerProcessProxy: false, ignoreProtectedModeSettings: false, ignoreZoomSetting: false, initialBrowserUrl: http://localhost:33903/, javascriptEnabled: true, nativeEvents: true, platform: WINDOWS, platformName: WINDOWS, requireWindowFocus: false, takesScreenshot: true, unexpectedAlertBehaviour: dismiss, unhandledPromptBehavior: dismiss, version: 11}
Session ID: 07c46471-eb87-4a83-ad2d-5d2683b9f168
*** Element info: {Using=name, value=loginRequestBean.userId}
at sun.reflect.NativeConstructorAccessorImpl.newInstance0(Native Method)
at sun.reflect.NativeConstructorAccessorImpl.newInstance(Unknown Source)
at sun.reflect.DelegatingConstructorAccessorImpl.newInstance(Unknown Source)
at java.lang.reflect.Constructor.newInstance(Unknown Source)
at org.openqa.selenium.remote.ErrorHandler.createThrowable(ErrorHandler.java:214)
at org.openqa.selenium.remote.ErrorHandler.throwIfResponseFailed(ErrorHandler.java:166)
at org.openqa.selenium.remote.http.JsonHttpResponseCodec.reconstructValue(JsonHttpResponseCodec.java:40)
at org.openqa.selenium.remote.http.AbstractHttpResponseCodec.decode(AbstractHttpResponseCodec.java:80)
at org.openqa.selenium.remote.http.AbstractHttpResponseCodec.decode(AbstractHttpResponseCodec.java:44)
at org.openqa.selenium.remote.HttpCommandExecutor.execute(HttpCommandExecutor.java:158)
at org.openqa.selenium.remote.service.DriverCommandExecutor.execute(DriverCommandExecutor.java:83)
at org.openqa.selenium.remote.RemoteWebDriver.execute(RemoteWebDriver.java:548)
at org.openqa.selenium.remote.RemoteWebDriver.findElement(RemoteWebDriver.java:322)
at org.openqa.selenium.remote.RemoteWebDriver.findElementByName(RemoteWebDriver.java:400)
at org.openqa.selenium.By$ByName.findElement(By.java:284)
at org.openqa.selenium.remote.RemoteWebDriver.findElement(RemoteWebDriver.java:314)
at tests.ACSRLoginLogout.login(ACSRLoginLogout.java:63)
at tests.QCStore.AQC_EPP_Redeposit(QCStore.java:2984)
at sun.reflect.NativeMethodAccessorImpl.invoke0(Native Method)
at sun.reflect.NativeMethodAccessorImpl.invoke(Unknown Source)
at sun.reflect.DelegatingMethodAccessorImpl.invoke(Unknown Source)
at java.lang.reflect.Method.invoke(Unknown Source)
at org.testng.internal.MethodInvocationHelper.invokeMethod(MethodInvocationHelper.java:124)
at org.testng.internal.Invoker.invokeMethod(Invoker.java:583)
at org.testng.internal.Invoker.invokeTestMethod(Invoker.java:719)
at org.testng.internal.Invoker.invokeTestMethods(Invoker.java:989)
at org.testng.internal.TestMethodWorker.invokeTestMethods(TestMethodWorker.java:125)
at org.testng.internal.TestMethodWorker.run(TestMethodWorker.java:109)
at org.testng.TestRunner.privateRun(TestRunner.java:648)
at org.testng.TestRunner.run(TestRunner.java:505)
at org.testng.SuiteRunner.runTest(SuiteRunner.java:455)
at org.testng.SuiteRunner.runSequentially(SuiteRunner.java:450)
at org.testng.SuiteRunner.privateRun(SuiteRunner.java:415)
at org.testng.SuiteRunner.run(SuiteRunner.java:364)
at org.testng.SuiteRunnerWorker.runSuite(SuiteRunnerWorker.java:52)
at org.testng.SuiteRunnerWorker.run(SuiteRunnerWorker.java:84)
at org.testng.TestNG.runSuitesSequentially(TestNG.java:1208)
at org.testng.TestNG.runSuitesLocally(TestNG.java:1137)
at org.testng.TestNG.runSuites(TestNG.java:1049)
at org.testng.TestNG.run(TestNG.java:1017)
at org.testng.remote.AbstractRemoteTestNG.run(AbstractRemoteTestNG.java:114)
at org.testng.remote.RemoteTestNG.initAndRun(RemoteTestNG.java:251)
at org.testng.remote.RemoteTestNG.main(RemoteTestNG.java:77)
]]>
            </full-stacktrace>
          </exception> <!-- org.openqa.selenium.NoSuchWindowException -->
          <reporter-output>
          </reporter-output>
        </test-method> <!-- AQC_EPP_Redeposit -->
        <test-method status="FAIL" signature="getResult(org.testng.ITestResult)[pri:0, instance:tests.QCStore@520a3426]" name="getResult" is-config="true" duration-ms="13" started-at="2020-01-23T11:24:13Z" finished-at="2020-01-23T11:24:13Z">
          <params>
            <param index="0">
              <value>
                <![CDATA[[TestResult name=AQC_EPP_Redeposit status=FAILURE method=QCStore.AQC_EPP_Redeposit()[pri:22, instance:tests.QCStore@520a3426] output={null}]]]>
              </value>
            </param>
          </params>
          <exception class="org.openqa.selenium.NoSuchWindowException">
            <message>
              <![CDATA[Unable to get browser (WARNING: The server did not provide any stacktrace information)
Command duration or timeout: 0 milliseconds
Build info: version: '3.14.0', revision: 'aacccce0', time: '2018-08-02T20:19:58.91Z'
System info: host: 'QTLSYS0-224', ip: '192.168.0.224', os.name: 'Windows 10', os.arch: 'amd64', os.version: '10.0', java.version: '1.8.0_181'
Driver info: org.openqa.selenium.ie.InternetExplorerDriver
Capabilities {browserAttachTimeout: 0, browserName: internet explorer, cssSelectorsEnabled: true, elementScrollBehavior: 0, enableElementCacheCleanup: true, enablePersistentHover: true, handlesAlerts: true, ie.browserCommandLineSwitches: , ie.ensureCleanSession: false, ie.forceCreateProcessApi: false, ie.usePerProcessProxy: false, ignoreProtectedModeSettings: false, ignoreZoomSetting: false, initialBrowserUrl: http://localhost:33903/, javascriptEnabled: true, nativeEvents: true, platform: WINDOWS, platformName: WINDOWS, requireWindowFocus: false, takesScreenshot: true, unexpectedAlertBehaviour: dismiss, unhandledPromptBehavior: dismiss, version: 11}
Session ID: 07c46471-eb87-4a83-ad2d-5d2683b9f168]]>
            </message>
            <full-stacktrace>
              <![CDATA[org.openqa.selenium.NoSuchWindowException: Unable to get browser (WARNING: The server did not provide any stacktrace information)
Command duration or timeout: 0 milliseconds
Build info: version: '3.14.0', revision: 'aacccce0', time: '2018-08-02T20:19:58.91Z'
System info: host: 'QTLSYS0-224', ip: '192.168.0.224', os.name: 'Windows 10', os.arch: 'amd64', os.version: '10.0', java.version: '1.8.0_181'
Driver info: org.openqa.selenium.ie.InternetExplorerDriver
Capabilities {browserAttachTimeout: 0, browserName: internet explorer, cssSelectorsEnabled: true, elementScrollBehavior: 0, enableElementCacheCleanup: true, enablePersistentHover: true, handlesAlerts: true, ie.browserCommandLineSwitches: , ie.ensureCleanSession: false, ie.forceCreateProcessApi: false, ie.usePerProcessProxy: false, ignoreProtectedModeSettings: false, ignoreZoomSetting: false, initialBrowserUrl: http://localhost:33903/, javascriptEnabled: true, nativeEvents: true, platform: WINDOWS, platformName: WINDOWS, requireWindowFocus: false, takesScreenshot: true, unexpectedAlertBehaviour: dismiss, unhandledPromptBehavior: dismiss, version: 11}
Session ID: 07c46471-eb87-4a83-ad2d-5d2683b9f168
at sun.reflect.NativeConstructorAccessorImpl.newInstance0(Native Method)
at sun.reflect.NativeConstructorAccessorImpl.newInstance(Unknown Source)
at sun.reflect.DelegatingConstructorAccessorImpl.newInstance(Unknown Source)
at java.lang.reflect.Constructor.newInstance(Unknown Source)
at org.openqa.selenium.remote.ErrorHandler.createThrowable(ErrorHandler.java:214)
at org.openqa.selenium.remote.ErrorHandler.throwIfResponseFailed(ErrorHandler.java:166)
at org.openqa.selenium.remote.http.JsonHttpResponseCodec.reconstructValue(JsonHttpResponseCodec.java:40)
at org.openqa.selenium.remote.http.AbstractHttpResponseCodec.decode(AbstractHttpResponseCodec.java:80)
at org.openqa.selenium.remote.http.AbstractHttpResponseCodec.decode(AbstractHttpResponseCodec.java:44)
at org.openqa.selenium.remote.HttpCommandExecutor.execute(HttpCommandExecutor.java:158)
at org.openqa.selenium.remote.service.DriverCommandExecutor.execute(DriverCommandExecutor.java:83)
at org.openqa.selenium.remote.RemoteWebDriver.execute(RemoteWebDriver.java:548)
at org.openqa.selenium.remote.RemoteWebDriver.execute(RemoteWebDriver.java:605)
at org.openqa.selenium.remote.RemoteWebDriver.getScreenshotAs(RemoteWebDriver.java:294)
at tests.QCStore.getScreenhot(QCStore.java:4059)
at tests.QCStore.getResult(QCStore.java:4075)
at sun.reflect.NativeMethodAccessorImpl.invoke0(Native Method)
at sun.reflect.NativeMethodAccessorImpl.invoke(Unknown Source)
at sun.reflect.DelegatingMethodAccessorImpl.invoke(Unknown Source)
at java.lang.reflect.Method.invoke(Unknown Source)
at org.testng.internal.MethodInvocationHelper.invokeMethod(MethodInvocationHelper.java:124)
at org.testng.internal.MethodInvocationHelper.invokeMethodConsideringTimeout(MethodInvocationHelper.java:59)
at org.testng.internal.Invoker.invokeConfigurationMethod(Invoker.java:458)
at org.testng.internal.Invoker.invokeConfigurations(Invoker.java:222)
at org.testng.internal.Invoker.invokeMethod(Invoker.java:646)
at org.testng.internal.Invoker.invokeTestMethod(Invoker.java:719)
at org.testng.internal.Invoker.invokeTestMethods(Invoker.java:989)
at org.testng.internal.TestMethodWorker.invokeTestMethods(TestMethodWorker.java:125)
at org.testng.internal.TestMethodWorker.run(TestMethodWorker.java:109)
at org.testng.TestRunner.privateRun(TestRunner.java:648)
at org.testng.TestRunner.run(TestRunner.java:505)
at org.testng.SuiteRunner.runTest(SuiteRunner.java:455)
at org.testng.SuiteRunner.runSequentially(SuiteRunner.java:450)
at org.testng.SuiteRunner.privateRun(SuiteRunner.java:415)
at org.testng.SuiteRunner.run(SuiteRunner.java:364)
at org.testng.SuiteRunnerWorker.runSuite(SuiteRunnerWorker.java:52)
at org.testng.SuiteRunnerWorker.run(SuiteRunnerWorker.java:84)
at org.testng.TestNG.runSuitesSequentially(TestNG.java:1208)
at org.testng.TestNG.runSuitesLocally(TestNG.java:1137)
at org.testng.TestNG.runSuites(TestNG.java:1049)
at org.testng.TestNG.run(TestNG.java:1017)
at org.testng.remote.AbstractRemoteTestNG.run(AbstractRemoteTestNG.java:114)
at org.testng.remote.RemoteTestNG.initAndRun(RemoteTestNG.java:251)
at org.testng.remote.RemoteTestNG.main(RemoteTestNG.java:77)
]]>
            </full-stacktrace>
          </exception> <!-- org.openqa.selenium.NoSuchWindowException -->
          <reporter-output>
          </reporter-output>
        </test-method> <!-- getResult -->
      </class> <!-- tests.QCStore -->
    </test> <!-- Test -->
  </suite> <!-- Suite -->
</testng-results>
